C51 COMPILER V9.60.0.0   MAIN_C                                                            11/01/2022 15:53:26 PAGE 1   


C51 COMPILER V9.60.0.0, COMPILATION OF MODULE MAIN_C
OBJECT MODULE PLACED IN .\Output\main.c.obj
COMPILER INVOKED BY: d:\Keil_v5\C51\BIN\C51.EXE ..\main.c.c LARGE OPTIMIZE(7,SPEED) BROWSE INCDIR(..\..\..\UserCode\Devi
                    -ce\Include;..\..\..\UserCode\StdDriver\inc;..\..\..\UserCode\User\ins;..\..\..\UserCode\StdDriver\src;..\..\..\UserCode\
                    -StdDriver\lib) DEBUG OBJECTEXTEND PRINT(.\LST\main.c.lst) TABS(2) OBJECT(.\Output\main.c.obj)

line level    source

   1          
   2          #include "ML51.h"
   3          #include "BC3602.h"
   4          #include "BC3602_CMD_REG.h"
   5          /*------------------------------------------------------------------*/
   6          
   7          void main (void) 
   8          {   
   9   1          FsysSelect(FSYS_HIRC); 
  10   1          Init_UART1();
  11   1          //Init_UART2();
  12   1          //Init_UART3();
  13   1          Timer0_Init();
  14   1          CO2_Init();
  15   1          LED_Init();
  16   1          Init_Lcd();
  17   1          WDT_Init();
  18   1          Init_I2C();
  19   1          ADC_Init();
  20   1          Init_KeyPort();
  21   1          CO2_Init();
  22   1          EEPROM_ReadDataInit();  //¶ÁÈ¡eepromµÄÖµ
  23   1          //Init_Wifi();
  24   1          RF_Init();
  25   1          
  26   1        while(1)
  27   1        {
  28   2          FEED_WDT();     //
  29   2          Time_Process();
  30   2          //BC3602_RF_Process();
  31   2          
  32   2        }
  33   1      }
  34          
  35          
  36          
  37          
  38          


MODULE INFORMATION:   STATIC OVERLAYABLE
   CODE SIZE        =     50    ----
   CONSTANT SIZE    =   ----    ----
   XDATA SIZE       =   ----    ----
   PDATA SIZE       =   ----    ----
   DATA SIZE        =   ----    ----
   IDATA SIZE       =   ----    ----
   BIT SIZE         =   ----    ----
END OF MODULE INFORMATION.


C51 COMPILATION COMPLETE.  0 WARNING(S),  0 ERROR(S)
