C51 COMPILER V9.60.0.0   UART2_USER                                                        10/31/2022 08:45:43 PAGE 1   


C51 COMPILER V9.60.0.0, COMPILATION OF MODULE UART2_USER
OBJECT MODULE PLACED IN .\Output\UART2_USER.obj
COMPILER INVOKED BY: d:\Keil_v5\C51\BIN\C51.EXE ..\..\..\UserCode\User\src\UART2_USER.C LARGE OPTIMIZE(7,SPEED) BROWSE I
                    -NCDIR(..\..\..\UserCode\Device\Include;..\..\..\UserCode\StdDriver\inc;..\..\..\UserCode\User\ins;..\..\..\UserCode\StdD
                    -river\src;..\..\..\UserCode\StdDriver\lib) DEBUG OBJECTEXTEND PRINT(.\LST\UART2_USER.lst) TABS(2) OBJECT(.\Output\UART2_
                    -USER.obj)

line level    source

   1          #include "ML51.h"
   2          /*for WIFI*/
   3          void Init_UART2(void)
   4          {
   5   1          MFP_P25_UART2_TXD;                              /* 设置P0.0和P0.1为UART2端口*/
   6   1          P25_QUASI_MODE; 
   7   1          MFP_P24_UART2_RXD;
   8   1          P24_INPUT_MODE; 
   9   1        
  10   1          UART2_Open(24000000,9600);                 /* Open UART2 use timer1 as baudrate generate and baud rate
             - = 115200*/
  11   1          ENABLE_SC0_RECEIVE_DATA_REACH_INTERRUPT;   //开启接收中断
  12   1          ENABLE_GLOBAL_INTERRUPT;                   //开启全局中断
  13   1      
  14   1      }
  15          
  16          void Uart2senddata(UINT8* Data,UINT8 len)
  17           {
  18   1         UINT8 i;
  19   1         for(i=0;i<len;i++)
  20   1         {
  21   2           UART_Send_Data(UART2, *(Data+i));
  22   2      //   send_byte(*(date+i));   
  23   2         }
  24   1       }
  25          


MODULE INFORMATION:   STATIC OVERLAYABLE
   CODE SIZE        =    129    ----
   CONSTANT SIZE    =   ----    ----
   XDATA SIZE       =   ----       5
   PDATA SIZE       =   ----    ----
   DATA SIZE        =   ----    ----
   IDATA SIZE       =   ----    ----
   BIT SIZE         =   ----    ----
END OF MODULE INFORMATION.


C51 COMPILATION COMPLETE.  0 WARNING(S),  0 ERROR(S)
