C51 COMPILER V9.60.0.0   WIFI                                                              11/01/2022 15:53:29 PAGE 1   


C51 COMPILER V9.60.0.0, COMPILATION OF MODULE WIFI
OBJECT MODULE PLACED IN .\Output\WIFI.obj
COMPILER INVOKED BY: d:\Keil_v5\C51\BIN\C51.EXE ..\..\..\UserCode\User\src\WIFI.c LARGE OPTIMIZE(7,SPEED) BROWSE INCDIR(
                    -..\..\..\UserCode\Device\Include;..\..\..\UserCode\StdDriver\inc;..\..\..\UserCode\User\ins;..\..\..\UserCode\StdDriver\
                    -src;..\..\..\UserCode\StdDriver\lib) DEBUG OBJECTEXTEND PRINT(.\LST\WIFI.lst) TABS(2) OBJECT(.\Output\WIFI.obj)

line level    source

   1          #include "ML51.h"
   2          typedef struct DeviceData_t    //设备数据
   3          {
   4            uint8_t  Data_Length;              //数据长度
   5            uint8_t  Command_Word;             //命令字
   6            uint8_t  GateWay_ID;               //网关ID
   7            uint16_t Device_ID;                //设备ID
   8            uint16_t Device_SN;                //设备SN码
   9            uint8_t  Protocol_Versions;        //协议版本号
  10            uint8_t  Device_Type;              //设备类型
  11            uint8_t  Device_Num;               //设备型号
  12            uint8_t Software_Versions ;        //软件版本
  13            uint8_t Hardware_Versions ;        //硬件版本号
  14            uint8_t Customer_ID;               //客户ID
  15            uint8_t Produc_Date;               //生产日期
  16          }DeviceData_t;
  17          
  18          
  19          
  20          typedef struct Sensor_Data_t     //传感器数据
  21          {
  22            uint16_t Temp;               //温度
  23            uint16_t Humi;               //湿度
  24            uint16_t CO2_PecentMax;      //二氧化碳浓度最大值
  25            uint16_t CO2_PecentAvr;      //二氧化碳浓度平均值
  26            uint16_t CO2_PecentCurrent;  //二氧化碳浓度当前值
  27          }Sensor_Data_t;
  28          
  29          
  30          
  31          
  32          
  33          typedef struct WIFICmdData_t   //WIFI命令字
  34          {
  35            uint8_t Buzzer_OnOff;        //蜂鸣器开关
  36            uint8_t Blu_OnOff;           //背光开关 
  37          }WIFICmdData_t; 
  38          
  39          typedef struct WIFIData_t   //WIFI命令字
  40          {
  41            DeviceData_t  DeviceData ;        //蜂鸣器开关
  42            WIFICmdData_t WIFICmdData;           //背光开关 
  43          }WIFIData_t;  
  44          
  45          void Init_Wifi(void)
  46          {
  47   1        GPIO_SetMode(WIFI_EN_PORT,WIFI_EN_PIN,GPIO_MODE_PUSHPULL);//设置为推挽输出
  48   1        WIFI_Disable(); 
  49   1      }


MODULE INFORMATION:   STATIC OVERLAYABLE
   CODE SIZE        =     12    ----
C51 COMPILER V9.60.0.0   WIFI                                                              11/01/2022 15:53:29 PAGE 2   

   CONSTANT SIZE    =   ----    ----
   XDATA SIZE       =   ----    ----
   PDATA SIZE       =   ----    ----
   DATA SIZE        =   ----    ----
   IDATA SIZE       =   ----    ----
   BIT SIZE         =   ----    ----
END OF MODULE INFORMATION.


C51 COMPILATION COMPLETE.  0 WARNING(S),  0 ERROR(S)
