Rebuild target 'UserCode'
compiling main.c.c...
compiling uart2.c...
compiling common.c...
compiling adc.c...
compiling gpio.c...
compiling i2c.c...
compiling uart3.c...
compiling uart.c...
compiling pwm0.c...
compiling pwm123.c...
compiling eeprom.c...
compiling lcd.c...
assembling STARTUP.A51...
compiling ADC_USER.c...
compiling CO2.c...
compiling CRC8_NRSC5.C...
compiling EEPROM_USER.c...
compiling KEY.c...
compiling LCD_User.c...
compiling LED.c...
compiling SHTC3.c...
compiling Timer0.c...
compiling UART1_USER.C...
compiling UART2_USER.C...
compiling UART3_USER.C...
compiling WDT.c...
compiling WIFI.c...
linking...
Program Size: data=19.0 xdata=689 code=12392
creating hex file from ".\Output\Temp_Humi_CO2"...
User command #1: "E:\Project Folder\Temperature, humidity and carbon dioxide detection\Program\UserCode\Startup\EXE\Hex2Bin.exe"
".\Output\Temp_Humi_CO2" - 0 Error(s), 0 Warning(s).
Build Time Elapsed:  00:00:02
